{"level":"info","message":"GET /","timestamp":"2026-05-03 11:45:04"}
{"level":"info","message":"GET /favicon.ico","timestamp":"2026-05-03 11:45:04"}
{"level":"warn","message":"404 - /favicon.ico - GET","timestamp":"2026-05-03 11:45:04"}
{"level":"error","message":"Not Found - /favicon.ico","method":"GET","params":{},"path":"/favicon.ico","query":{},"stack":"Error: Not Found - /favicon.ico\n    at notFound (file:///home/billah/Projects/interview/fredoCloud/teamhub/apps/api/src/shared/middleware/notFound.js:4:19)\n    at Layer.handleRequest (/home/billah/Projects/interview/fredoCloud/teamhub/node_modules/.pnpm/router@2.2.0/node_modules/router/lib/layer.js:152:17)\n    at trimPrefix (/home/billah/Projects/interview/fredoCloud/teamhub/node_modules/.pnpm/router@2.2.0/node_modules/router/index.js:342:13)\n    at /home/billah/Projects/interview/fredoCloud/teamhub/node_modules/.pnpm/router@2.2.0/node_modules/router/index.js:297:9\n    at processParams (/home/billah/Projects/interview/fredoCloud/teamhub/node_modules/.pnpm/router@2.2.0/node_modules/router/index.js:582:12)\n    at next (/home/billah/Projects/interview/fredoCloud/teamhub/node_modules/.pnpm/router@2.2.0/node_modules/router/index.js:291:5)\n    at file:///home/billah/Projects/interview/fredoCloud/teamhub/apps/api/src/app.js:21:5\n    at Layer.handleRequest (/home/billah/Projects/interview/fredoCloud/teamhub/node_modules/.pnpm/router@2.2.0/node_modules/router/lib/layer.js:152:17)\n    at trimPrefix (/home/billah/Projects/interview/fredoCloud/teamhub/node_modules/.pnpm/router@2.2.0/node_modules/router/index.js:342:13)\n    at /home/billah/Projects/interview/fredoCloud/teamhub/node_modules/.pnpm/router@2.2.0/node_modules/router/index.js:297:9","timestamp":"2026-05-03 11:45:04"}
{"level":"info","message":"GET /api/docs","timestamp":"2026-05-03 11:45:36"}
{"level":"info","message":"GET /api/docs/","timestamp":"2026-05-03 11:45:36"}
{"level":"info","message":"GET /api/docs/swagger-ui.css","timestamp":"2026-05-03 11:45:36"}
{"level":"info","message":"GET /api/docs/swagger-ui-bundle.js","timestamp":"2026-05-03 11:45:36"}
{"level":"info","message":"GET /api/docs/swagger-ui-standalone-preset.js","timestamp":"2026-05-03 11:45:36"}
{"level":"info","message":"GET /api/docs/swagger-ui-init.js","timestamp":"2026-05-03 11:45:36"}
{"level":"info","message":"GET /api/docs/favicon-32x32.png","timestamp":"2026-05-03 11:45:36"}
{"level":"info","message":"GET /api/docs/","timestamp":"2026-05-03 11:50:15"}
{"level":"info","message":"GET /api/docs/swagger-ui.css","timestamp":"2026-05-03 11:50:15"}
{"level":"info","message":"GET /api/docs/swagger-ui-standalone-preset.js","timestamp":"2026-05-03 11:50:15"}
{"level":"info","message":"GET /api/docs/swagger-ui-bundle.js","timestamp":"2026-05-03 11:50:15"}
{"level":"info","message":"GET /api/docs/swagger-ui-init.js","timestamp":"2026-05-03 11:50:15"}
{"level":"info","message":"GET /api/docs/favicon-32x32.png","timestamp":"2026-05-03 11:50:15"}
{"level":"info","message":"GET /api/docs/","timestamp":"2026-05-03 11:50:16"}
{"level":"info","message":"GET /api/docs/swagger-ui.css","timestamp":"2026-05-03 11:50:16"}
{"level":"info","message":"GET /api/docs/swagger-ui-bundle.js","timestamp":"2026-05-03 11:50:16"}
{"level":"info","message":"GET /api/docs/swagger-ui-standalone-preset.js","timestamp":"2026-05-03 11:50:16"}
{"level":"info","message":"GET /api/docs/swagger-ui-init.js","timestamp":"2026-05-03 11:50:16"}
{"level":"info","message":"GET /api/docs/favicon-32x32.png","timestamp":"2026-05-03 11:50:16"}
{"level":"info","message":"GET /api/docs/","timestamp":"2026-05-03 11:50:17"}
{"level":"info","message":"GET /api/docs/swagger-ui.css","timestamp":"2026-05-03 11:50:17"}
{"level":"info","message":"GET /api/docs/swagger-ui-bundle.js","timestamp":"2026-05-03 11:50:17"}
{"level":"info","message":"GET /api/docs/swagger-ui-standalone-preset.js","timestamp":"2026-05-03 11:50:17"}
{"level":"info","message":"GET /api/docs/swagger-ui-init.js","timestamp":"2026-05-03 11:50:17"}
{"level":"info","message":"GET /api/docs/favicon-32x32.png","timestamp":"2026-05-03 11:50:17"}
{"level":"info","message":"GET /api/docs/","timestamp":"2026-05-03 11:50:18"}
{"level":"info","message":"GET /api/docs/swagger-ui.css","timestamp":"2026-05-03 11:50:18"}
{"level":"info","message":"GET /api/docs/swagger-ui-bundle.js","timestamp":"2026-05-03 11:50:18"}
{"level":"info","message":"GET /api/docs/swagger-ui-standalone-preset.js","timestamp":"2026-05-03 11:50:18"}
{"level":"info","message":"GET /api/docs/swagger-ui-init.js","timestamp":"2026-05-03 11:50:18"}
{"level":"info","message":"GET /api/docs/favicon-32x32.png","timestamp":"2026-05-03 11:50:18"}
{"level":"info","message":"GET /api/docs/","timestamp":"2026-05-03 11:50:18"}
{"level":"info","message":"GET /api/docs/swagger-ui.css","timestamp":"2026-05-03 11:50:19"}
{"level":"info","message":"GET /api/docs/swagger-ui-bundle.js","timestamp":"2026-05-03 11:50:19"}
{"level":"info","message":"GET /api/docs/swagger-ui-standalone-preset.js","timestamp":"2026-05-03 11:50:19"}
{"level":"info","message":"GET /api/docs/swagger-ui-init.js","timestamp":"2026-05-03 11:50:19"}
{"level":"info","message":"GET /api/docs/favicon-32x32.png","timestamp":"2026-05-03 11:50:19"}
{"level":"info","message":"GET /api/docs/","timestamp":"2026-05-03 11:50:19"}
{"level":"info","message":"GET /api/docs/swagger-ui.css","timestamp":"2026-05-03 11:50:19"}
{"level":"info","message":"GET /api/docs/swagger-ui-bundle.js","timestamp":"2026-05-03 11:50:19"}
{"level":"info","message":"GET /api/docs/swagger-ui-standalone-preset.js","timestamp":"2026-05-03 11:50:19"}
{"level":"info","message":"GET /api/docs/swagger-ui-init.js","timestamp":"2026-05-03 11:50:19"}
{"level":"info","message":"GET /api/docs/favicon-32x32.png","timestamp":"2026-05-03 11:50:19"}
{"level":"info","message":"GET /api/docs/","timestamp":"2026-05-03 11:50:20"}
{"level":"info","message":"GET /api/docs/swagger-ui.css","timestamp":"2026-05-03 11:50:20"}
{"level":"info","message":"GET /api/docs/swagger-ui-bundle.js","timestamp":"2026-05-03 11:50:20"}
{"level":"info","message":"GET /api/docs/swagger-ui-standalone-preset.js","timestamp":"2026-05-03 11:50:20"}
{"level":"info","message":"GET /api/docs/swagger-ui-init.js","timestamp":"2026-05-03 11:50:20"}
{"level":"info","message":"GET /api/docs/favicon-32x32.png","timestamp":"2026-05-03 11:50:20"}
{"level":"info","message":"GET /api/docs/","timestamp":"2026-05-03 11:50:20"}
{"level":"info","message":"GET /api/docs/swagger-ui.css","timestamp":"2026-05-03 11:50:20"}
{"level":"info","message":"GET /api/docs/swagger-ui-bundle.js","timestamp":"2026-05-03 11:50:20"}
{"level":"info","message":"GET /api/docs/swagger-ui-standalone-preset.js","timestamp":"2026-05-03 11:50:20"}
{"level":"info","message":"GET /api/docs/swagger-ui-init.js","timestamp":"2026-05-03 11:50:20"}
{"level":"info","message":"GET /api/docs/favicon-32x32.png","timestamp":"2026-05-03 11:50:20"}
{"level":"info","message":"GET /api/docs/","timestamp":"2026-05-03 11:50:20"}
{"level":"info","message":"GET /api/docs/swagger-ui.css","timestamp":"2026-05-03 11:50:20"}
{"level":"info","message":"GET /api/docs/swagger-ui-bundle.js","timestamp":"2026-05-03 11:50:20"}
{"level":"info","message":"GET /api/docs/swagger-ui-standalone-preset.js","timestamp":"2026-05-03 11:50:20"}
{"level":"info","message":"GET /api/docs/swagger-ui-init.js","timestamp":"2026-05-03 11:50:20"}
{"level":"info","message":"GET /api/docs/favicon-32x32.png","timestamp":"2026-05-03 11:50:20"}
{"level":"info","message":"GET /api/docs/","timestamp":"2026-05-03 11:50:20"}
{"level":"info","message":"GET /api/docs/swagger-ui.css","timestamp":"2026-05-03 11:50:20"}
{"level":"info","message":"GET /api/docs/swagger-ui-bundle.js","timestamp":"2026-05-03 11:50:20"}
{"level":"info","message":"GET /api/docs/swagger-ui-standalone-preset.js","timestamp":"2026-05-03 11:50:20"}
{"level":"info","message":"GET /api/docs/swagger-ui-init.js","timestamp":"2026-05-03 11:50:20"}
{"level":"info","message":"GET /api/docs/favicon-32x32.png","timestamp":"2026-05-03 11:50:20"}
{"level":"info","message":"GET /api/docs/","timestamp":"2026-05-03 11:50:20"}
{"level":"info","message":"GET /api/docs/swagger-ui.css","timestamp":"2026-05-03 11:50:20"}
{"level":"info","message":"GET /api/docs/swagger-ui-bundle.js","timestamp":"2026-05-03 11:50:20"}
{"level":"info","message":"GET /api/docs/swagger-ui-standalone-preset.js","timestamp":"2026-05-03 11:50:20"}
{"level":"info","message":"GET /api/docs/swagger-ui-init.js","timestamp":"2026-05-03 11:50:20"}
{"level":"info","message":"GET /api/docs/favicon-32x32.png","timestamp":"2026-05-03 11:50:20"}
{"level":"info","message":"GET /api/v1","timestamp":"2026-05-03 11:51:48"}
{"level":"warn","message":"404 - /api/v1 - GET","timestamp":"2026-05-03 11:51:48"}
{"level":"error","message":"Not Found - /api/v1","method":"GET","params":{},"path":"/api/v1","query":{},"stack":"Error: Not Found - /api/v1\n    at notFound (file:///home/billah/Projects/interview/fredoCloud/teamhub/apps/api/src/shared/middleware/notFound.js:4:19)\n    at Layer.handleRequest (/home/billah/Projects/interview/fredoCloud/teamhub/node_modules/.pnpm/router@2.2.0/node_modules/router/lib/layer.js:152:17)\n    at trimPrefix (/home/billah/Projects/interview/fredoCloud/teamhub/node_modules/.pnpm/router@2.2.0/node_modules/router/index.js:342:13)\n    at /home/billah/Projects/interview/fredoCloud/teamhub/node_modules/.pnpm/router@2.2.0/node_modules/router/index.js:297:9\n    at processParams (/home/billah/Projects/interview/fredoCloud/teamhub/node_modules/.pnpm/router@2.2.0/node_modules/router/index.js:582:12)\n    at next (/home/billah/Projects/interview/fredoCloud/teamhub/node_modules/.pnpm/router@2.2.0/node_modules/router/index.js:291:5)\n    at /home/billah/Projects/interview/fredoCloud/teamhub/node_modules/.pnpm/router@2.2.0/node_modules/router/index.js:688:15\n    at next (/home/billah/Projects/interview/fredoCloud/teamhub/node_modules/.pnpm/router@2.2.0/node_modules/router/index.js:276:14)\n    at router.handle (/home/billah/Projects/interview/fredoCloud/teamhub/node_modules/.pnpm/router@2.2.0/node_modules/router/index.js:186:3)\n    at router (/home/billah/Projects/interview/fredoCloud/teamhub/node_modules/.pnpm/router@2.2.0/node_modules/router/index.js:60:12)","timestamp":"2026-05-03 11:51:48"}
{"level":"info","message":"GET /api/v1/health","timestamp":"2026-05-03 11:52:04"}
{"level":"info","message":"GET /api/v1","timestamp":"2026-05-03 11:52:29"}
{"level":"info","message":"POST /api/v1/auth/register","timestamp":"2026-05-03 13:41:42"}
{"level":"info","message":"POST /api/v1/auth/register","timestamp":"2026-05-03 13:42:27"}
{"body":{"email":"masum@billah2.com","name":"Dev Billah","password":"test123@PASS"},"level":"error","message":"User already exists","method":"POST","params":{},"path":"/api/v1/auth/register","query":{},"stack":"Error: User already exists\n    at Module.register (file:///home/billah/Projects/interview/fredoCloud/teamhub/apps/api/src/services/auth.service.js:11:29)\n    at process.processTicksAndRejections (node:internal/process/task_queues:103:5)\n    at async file:///home/billah/Projects/interview/fredoCloud/teamhub/apps/api/src/controllers/auth.controller.js:5:49","timestamp":"2026-05-03 13:42:27"}
{"level":"info","message":"POST /api/v1/auth/login","timestamp":"2026-05-03 13:42:49"}
{"level":"info","message":"POST /api/v1/auth/forgot-password","timestamp":"2026-05-03 13:43:23"}
{"body":{"email":"masum@billah2.com"},"level":"error","message":"connect ECONNREFUSED ::1:587","method":"POST","params":{},"path":"/api/v1/auth/forgot-password","query":{},"stack":"Error: connect ECONNREFUSED ::1:587\n    at TCPConnectWrap.afterConnect [as oncomplete] (node:net:1637:16)","timestamp":"2026-05-03 13:43:23"}
{"level":"info","message":"POST /api/v1/auth/forgot-password","timestamp":"2026-05-03 13:50:00"}
{"level":"info","message":"POST /api/v1/auth/verify-otp","timestamp":"2026-05-03 13:50:39"}
{"level":"info","message":"POST /api/v1/auth/reset-password","timestamp":"2026-05-03 13:51:03"}
{"level":"warn","message":"Validation error: [\n  {\n    \"code\": \"invalid_type\",\n    \"expected\": \"string\",\n    \"received\": \"undefined\",\n    \"path\": [\n      \"email\"\n    ],\n    \"message\": \"Required\"\n  }\n]","timestamp":"2026-05-03 13:51:03"}
{"level":"info","message":"POST /api/v1/auth/reset-password","timestamp":"2026-05-03 13:57:48"}
{"level":"warn","message":"Validation error: [\n  {\n    \"code\": \"invalid_type\",\n    \"expected\": \"string\",\n    \"received\": \"undefined\",\n    \"path\": [\n      \"email\"\n    ],\n    \"message\": \"Required\"\n  }\n]","timestamp":"2026-05-03 13:57:48"}
{"level":"info","message":"POST /api/v1/auth/forgot-password","timestamp":"2026-05-03 13:58:22"}
{"level":"info","message":"POST /api/v1/auth/forgot-password","timestamp":"2026-05-03 13:59:24"}
{"body":{"email":"dev.billah@gmail.com"},"level":"error","message":"User not found","method":"POST","params":{},"path":"/api/v1/auth/forgot-password","query":{},"stack":"Error: User not found\n    at Module.forgotPassword (file:///home/billah/Projects/interview/fredoCloud/teamhub/apps/api/src/services/auth.service.js:107:22)\n    at process.processTicksAndRejections (node:internal/process/task_queues:103:5)\n    at async file:///home/billah/Projects/interview/fredoCloud/teamhub/apps/api/src/controllers/auth.controller.js:80:5","timestamp":"2026-05-03 13:59:24"}
{"level":"info","message":"POST /api/v1/auth/forgot-password","timestamp":"2026-05-03 13:59:30"}
{"body":{"email":"dev.billah@gmail.com"},"level":"error","message":"User not found","method":"POST","params":{},"path":"/api/v1/auth/forgot-password","query":{},"stack":"Error: User not found\n    at Module.forgotPassword (file:///home/billah/Projects/interview/fredoCloud/teamhub/apps/api/src/services/auth.service.js:107:22)\n    at process.processTicksAndRejections (node:internal/process/task_queues:103:5)\n    at async file:///home/billah/Projects/interview/fredoCloud/teamhub/apps/api/src/controllers/auth.controller.js:80:5","timestamp":"2026-05-03 13:59:30"}
{"level":"info","message":"POST /api/v1/auth/forgot-password","timestamp":"2026-05-03 13:59:34"}
{"level":"info","message":"POST /api/v1/auth/verify-otp","timestamp":"2026-05-03 14:17:28"}
{"body":{"email":"masum@billah2.com","otp":"438826"},"level":"error","message":"Invalid or expired OTP","method":"POST","params":{},"path":"/api/v1/auth/verify-otp","query":{},"stack":"Error: Invalid or expired OTP\n    at Module.verifyForgotPasswordOTP (file:///home/billah/Projects/interview/fredoCloud/teamhub/apps/api/src/services/auth.service.js:121:25)\n    at file:///home/billah/Projects/interview/fredoCloud/teamhub/apps/api/src/controllers/auth.controller.js:85:46\n    at file:///home/billah/Projects/interview/fredoCloud/teamhub/apps/api/src/shared/utils/asyncHandler.js:2:21\n    at Layer.handleRequest (/home/billah/Projects/interview/fredoCloud/teamhub/node_modules/.pnpm/router@2.2.0/node_modules/router/lib/layer.js:152:17)\n    at next (/home/billah/Projects/interview/fredoCloud/teamhub/node_modules/.pnpm/router@2.2.0/node_modules/router/lib/route.js:157:13)\n    at file:///home/billah/Projects/interview/fredoCloud/teamhub/apps/api/src/shared/middleware/validate.js:9:9\n    at Layer.handleRequest (/home/billah/Projects/interview/fredoCloud/teamhub/node_modules/.pnpm/router@2.2.0/node_modules/router/lib/layer.js:152:17)\n    at next (/home/billah/Projects/interview/fredoCloud/teamhub/node_modules/.pnpm/router@2.2.0/node_modules/router/lib/route.js:157:13)\n    at Route.dispatch (/home/billah/Projects/interview/fredoCloud/teamhub/node_modules/.pnpm/router@2.2.0/node_modules/router/lib/route.js:117:3)\n    at handle (/home/billah/Projects/interview/fredoCloud/teamhub/node_modules/.pnpm/router@2.2.0/node_modules/router/index.js:435:11)","timestamp":"2026-05-03 14:17:28"}
{"level":"info","message":"POST /api/v1/auth/forgot-password","timestamp":"2026-05-03 14:19:52"}
{"level":"info","message":"POST /api/v1/auth/verify-otp","timestamp":"2026-05-03 14:20:07"}
{"level":"info","message":"POST /api/v1/auth/forgot-password","timestamp":"2026-05-03 14:22:30"}
{"level":"info","message":"POST /api/v1/auth/verify-otp","timestamp":"2026-05-03 14:22:41"}
{"level":"info","message":"POST /api/v1/auth/reset-password","timestamp":"2026-05-03 14:22:47"}
{"level":"warn","message":"Validation error: [\n  {\n    \"code\": \"invalid_type\",\n    \"expected\": \"string\",\n    \"received\": \"undefined\",\n    \"path\": [\n      \"email\"\n    ],\n    \"message\": \"Required\"\n  }\n]","timestamp":"2026-05-03 14:22:47"}
{"level":"info","message":"POST /api/v1/auth/reset-password","timestamp":"2026-05-03 14:27:19"}
{"level":"warn","message":"Validation error: [\n  {\n    \"code\": \"invalid_type\",\n    \"expected\": \"string\",\n    \"received\": \"null\",\n    \"path\": [\n      \"token\"\n    ],\n    \"message\": \"Expected string, received null\"\n  }\n]","timestamp":"2026-05-03 14:27:19"}
{"level":"info","message":"POST /api/v1/auth/reset-password","timestamp":"2026-05-03 14:27:52"}
{"body":{"password":"test123","token":"test"},"level":"error","message":"jwt malformed","method":"POST","params":{},"path":"/api/v1/auth/reset-password","query":{},"stack":"JsonWebTokenError: jwt malformed\n    at module.exports [as verify] (/home/billah/Projects/interview/fredoCloud/teamhub/node_modules/.pnpm/jsonwebtoken@9.0.3/node_modules/jsonwebtoken/verify.js:70:17)\n    at verifyAccessToken (file:///home/billah/Projects/interview/fredoCloud/teamhub/apps/api/src/shared/lib/jwt.js:15:16)\n    at Module.resetPassword (file:///home/billah/Projects/interview/fredoCloud/teamhub/apps/api/src/services/auth.service.js:132:21)\n    at process.processTicksAndRejections (node:internal/process/task_queues:103:5)\n    at async file:///home/billah/Projects/interview/fredoCloud/teamhub/apps/api/src/controllers/auth.controller.js:90:5","timestamp":"2026-05-03 14:27:52"}
{"level":"info","message":"POST /api/v1/auth/verify-otp","timestamp":"2026-05-03 14:28:00"}
{"body":{"email":"test@example.com","otp":"123456"},"level":"error","message":"Invalid or expired OTP","method":"POST","params":{},"path":"/api/v1/auth/verify-otp","query":{},"stack":"Error: Invalid or expired OTP\n    at Module.verifyForgotPasswordOTP (file:///home/billah/Projects/interview/fredoCloud/teamhub/apps/api/src/services/auth.service.js:121:25)\n    at file:///home/billah/Projects/interview/fredoCloud/teamhub/apps/api/src/controllers/auth.controller.js:85:46\n    at file:///home/billah/Projects/interview/fredoCloud/teamhub/apps/api/src/shared/utils/asyncHandler.js:2:21\n    at Layer.handleRequest (/home/billah/Projects/interview/fredoCloud/teamhub/node_modules/.pnpm/router@2.2.0/node_modules/router/lib/layer.js:152:17)\n    at next (/home/billah/Projects/interview/fredoCloud/teamhub/node_modules/.pnpm/router@2.2.0/node_modules/router/lib/route.js:157:13)\n    at file:///home/billah/Projects/interview/fredoCloud/teamhub/apps/api/src/shared/middleware/validate.js:9:9\n    at Layer.handleRequest (/home/billah/Projects/interview/fredoCloud/teamhub/node_modules/.pnpm/router@2.2.0/node_modules/router/lib/layer.js:152:17)\n    at next (/home/billah/Projects/interview/fredoCloud/teamhub/node_modules/.pnpm/router@2.2.0/node_modules/router/lib/route.js:157:13)\n    at Route.dispatch (/home/billah/Projects/interview/fredoCloud/teamhub/node_modules/.pnpm/router@2.2.0/node_modules/router/lib/route.js:117:3)\n    at handle (/home/billah/Projects/interview/fredoCloud/teamhub/node_modules/.pnpm/router@2.2.0/node_modules/router/index.js:435:11)","timestamp":"2026-05-03 14:28:00"}
{"level":"info","message":"POST /api/v1/auth/reset-password","timestamp":"2026-05-03 14:30:46"}
{"level":"warn","message":"Validation error: [\n  {\n    \"code\": \"invalid_type\",\n    \"expected\": \"string\",\n    \"received\": \"null\",\n    \"path\": [\n      \"token\"\n    ],\n    \"message\": \"Expected string, received null\"\n  }\n]","timestamp":"2026-05-03 14:30:46"}
{"level":"info","message":"POST /api/v1/auth/forgot-password","timestamp":"2026-05-03 14:31:52"}
{"body":{"email":"test@example.com"},"level":"error","message":"User not found","method":"POST","params":{},"path":"/api/v1/auth/forgot-password","query":{},"stack":"Error: User not found\n    at Module.forgotPassword (file:///home/billah/Projects/interview/fredoCloud/teamhub/apps/api/src/services/auth.service.js:107:22)\n    at process.processTicksAndRejections (node:internal/process/task_queues:103:5)\n    at async file:///home/billah/Projects/interview/fredoCloud/teamhub/apps/api/src/controllers/auth.controller.js:80:5","timestamp":"2026-05-03 14:31:52"}
{"level":"info","message":"POST /api/v1/auth/forgot-password","timestamp":"2026-05-03 14:32:05"}
{"level":"info","message":"POST /api/v1/auth/verify-otp","timestamp":"2026-05-03 14:32:19"}
{"level":"info","message":"POST /api/v1/auth/reset-password","timestamp":"2026-05-03 14:32:25"}
{"level":"info","message":"POST /api/v1/auth/login","timestamp":"2026-05-03 14:32:32"}
{"level":"info","message":"POST /api/v1/auth/forgot-password","timestamp":"2026-05-03 14:32:57"}
{"level":"info","message":"POST /api/v1/auth/verify-otp","timestamp":"2026-05-03 14:33:08"}
{"level":"info","message":"POST /api/v1/auth/reset-password","timestamp":"2026-05-03 14:33:16"}
{"level":"info","message":"POST /api/v1/auth/reset-password","timestamp":"2026-05-03 14:33:23"}
{"body":{"password":"Test123@","token":"eyJhbGciOiJIUzI1NiIsInR5cCI6IkpXVCJ9.eyJlbWFpbCI6InRlc3RAZXhhbXBsZS5jb20iLCJwdXJwb3NlIjoicGFzc3dvcmQtcmVzZXQiLCJpYXQiOjE3Nzc3OTcxOTIsImV4cCI6MTc3Nzc3Nzc5Mn0.NQiSI1of-oSnCkG1lFzmsw3BNZLdTgqxAwr4dMWj-vQ"},"level":"error","message":"Invalid or expired reset token","method":"POST","params":{},"path":"/api/v1/auth/reset-password","query":{},"stack":"Error: Invalid or expired reset token\n    at Module.resetPassword (file:///home/billah/Projects/interview/fredoCloud/teamhub/apps/api/src/services/auth.service.js:137:15)\n    at process.processTicksAndRejections (node:internal/process/task_queues:103:5)\n    at async file:///home/billah/Projects/interview/fredoCloud/teamhub/apps/api/src/controllers/auth.controller.js:90:5","timestamp":"2026-05-03 14:33:23"}
{"level":"info","message":"POST /api/v1/auth/login","timestamp":"2026-05-03 14:33:27"}
{"level":"info","message":"POST /api/v1/auth/reset-password","timestamp":"2026-05-03 14:33:52"}
{"body":{"password":"Test123@","token":"eyJhbGciOiJIUzI1NiIsInR5cCI6IkpXVCJ9.eyJlbWFpbCI6InRlc3RAZXhhbXBsZS5jb20iLCJwdXJwb3NlIjoicGFzc3dvcmQtcmVzZXQiLCJpYXQiOjE3Nzc3OTcyMjAsImV4cCI6MTc3Nzc3OTgyMH0.E0RSaIU1cMsiwLyKgsv2ziYjhCwLuxi-YOERKM5HcE"},"level":"error","message":"Invalid or expired reset token","method":"POST","params":{},"path":"/api/v1/auth/reset-password","query":{},"stack":"Error: Invalid or expired reset token\n    at Module.resetPassword (file:///home/billah/Projects/interview/fredoCloud/teamhub/apps/api/src/services/auth.service.js:137:15)\n    at process.processTicksAndRejections (node:internal/process/task_queues:103:5)\n    at async file:///home/billah/Projects/interview/fredoCloud/teamhub/apps/api/src/controllers/auth.controller.js:90:5","timestamp":"2026-05-03 14:33:52"}
{"level":"info","message":"POST /api/v1/auth/reset-password","timestamp":"2026-05-03 14:34:11"}
{"body":{"password":"Test123@","token":"eyJhbGciOiJIUzI1NiIsInR5cCI6IkpXVCJ9.eyJlbWFpbCI6InRlc3RAZXhhbXBsZS5jb20iLCJwdXJwb3NlIjoicGFzc3dvcmQtcmVzZXQiLCJpYXQiOjE3Nzc3OTcyMjAsImV4cCI6MTc3Nzc3OTgyMH0.E0RSaIU1cMsiwLyKgsv2ziYjhCwLuxi-YOERKM5HcE"},"level":"error","message":"Invalid or expired reset token","method":"POST","params":{},"path":"/api/v1/auth/reset-password","query":{},"stack":"Error: Invalid or expired reset token\n    at Module.resetPassword (file:///home/billah/Projects/interview/fredoCloud/teamhub/apps/api/src/services/auth.service.js:137:15)\n    at process.processTicksAndRejections (node:internal/process/task_queues:103:5)\n    at async file:///home/billah/Projects/interview/fredoCloud/teamhub/apps/api/src/controllers/auth.controller.js:90:5","timestamp":"2026-05-03 14:34:11"}
{"level":"info","message":"POST /api/v1/auth/reset-password","timestamp":"2026-05-03 14:34:31"}
{"body":{"password":"Test123@","token":"eyJhbGciOiJIUzI1NiIsInR5cCI6IkpXVCJ9.eyJlbWFpbCI6InRlc3RAZXhhbXBsZS5jb20iLCJwdXJwb3NlIjoicGFzc3dvcmQtcmVzZXQiLCJpYXQiOjE3Nzc3OTcyMjAsImV4cCI6MTc3Nzc3OTgyMH0.E0RSaIU1cMsiwLyKgsv2ziYjhCwLuxi-YOERKM5HcE"},"level":"error","message":"Invalid or expired reset token","method":"POST","params":{},"path":"/api/v1/auth/reset-password","query":{},"stack":"Error: Invalid or expired reset token\n    at Module.resetPassword (file:///home/billah/Projects/interview/fredoCloud/teamhub/apps/api/src/services/auth.service.js:137:15)\n    at process.processTicksAndRejections (node:internal/process/task_queues:103:5)\n    at async file:///home/billah/Projects/interview/fredoCloud/teamhub/apps/api/src/controllers/auth.controller.js:90:5","timestamp":"2026-05-03 14:34:31"}
{"level":"info","message":"POST /api/v1/auth/login","timestamp":"2026-05-03 14:40:15"}
{"level":"info","message":"POST /api/v1/auth/login","timestamp":"2026-05-03 14:40:21"}
{"level":"info","message":"POST /api/v1/auth/login","timestamp":"2026-05-03 14:40:47"}
{"level":"info","message":"POST /api/v1/auth/login","timestamp":"2026-05-03 14:43:09"}
{"level":"info","message":"POST /api/v1/auth/login","timestamp":"2026-05-03 14:43:18"}
{"level":"info","message":"POST /api/v1/auth/login","timestamp":"2026-05-03 14:43:18"}
{"level":"info","message":"POST /api/v1/auth/login","timestamp":"2026-05-03 14:45:23"}
{"level":"info","message":"POST /api/v1/auth/login","timestamp":"2026-05-03 14:45:29"}
{"level":"info","message":"POST /api/v1/auth/login","timestamp":"2026-05-03 14:45:30"}
{"level":"info","message":"POST /api/v1/auth/login","timestamp":"2026-05-03 14:45:34"}
{"level":"info","message":"POST /api/v1/api/auth/login","timestamp":"2026-05-03 14:51:01"}
{"level":"warn","message":"404 - /api/v1/api/auth/login - POST","timestamp":"2026-05-03 14:51:01"}
{"body":{"email":"masum@billah2.com","password":"test123@PASS"},"level":"error","message":"Not Found - /api/v1/api/auth/login","method":"POST","params":{},"path":"/api/v1/api/auth/login","query":{},"stack":"Error: Not Found - /api/v1/api/auth/login\n    at notFound (file:///home/billah/Projects/interview/fredoCloud/teamhub/apps/api/src/shared/middleware/notFound.js:4:19)\n    at Layer.handleRequest (/home/billah/Projects/interview/fredoCloud/teamhub/node_modules/.pnpm/router@2.2.0/node_modules/router/lib/layer.js:152:17)\n    at trimPrefix (/home/billah/Projects/interview/fredoCloud/teamhub/node_modules/.pnpm/router@2.2.0/node_modules/router/index.js:342:13)\n    at /home/billah/Projects/interview/fredoCloud/teamhub/node_modules/.pnpm/router@2.2.0/node_modules/router/index.js:297:9\n    at processParams (/home/billah/Projects/interview/fredoCloud/teamhub/node_modules/.pnpm/router@2.2.0/node_modules/router/index.js:582:12)\n    at next (/home/billah/Projects/interview/fredoCloud/teamhub/node_modules/.pnpm/router@2.2.0/node_modules/router/index.js:291:5)\n    at /home/billah/Projects/interview/fredoCloud/teamhub/node_modules/.pnpm/router@2.2.0/node_modules/router/index.js:688:15\n    at next (/home/billah/Projects/interview/fredoCloud/teamhub/node_modules/.pnpm/router@2.2.0/node_modules/router/index.js:276:14)\n    at router.handle (/home/billah/Projects/interview/fredoCloud/teamhub/node_modules/.pnpm/router@2.2.0/node_modules/router/index.js:186:3)\n    at router (/home/billah/Projects/interview/fredoCloud/teamhub/node_modules/.pnpm/router@2.2.0/node_modules/router/index.js:60:12)","timestamp":"2026-05-03 14:51:01"}
{"level":"info","message":"POST /api/v1/auth/login","timestamp":"2026-05-03 14:51:45"}
{"level":"info","message":"POST /api/v1/auth/login","timestamp":"2026-05-03 14:52:52"}
{"level":"info","message":"POST /api/v1/auth/login","timestamp":"2026-05-03 14:52:56"}
{"level":"info","message":"POST /api/v1/auth/login","timestamp":"2026-05-03 14:53:14"}
{"level":"info","message":"POST /api/v1/auth/login","timestamp":"2026-05-03 14:53:27"}
{"level":"info","message":"POST /api/v1/auth/login","timestamp":"2026-05-03 14:53:34"}
{"level":"info","message":"POST /api/v1/auth/login","timestamp":"2026-05-03 14:55:01"}
{"level":"info","message":"POST /api/v1/auth/login","timestamp":"2026-05-03 15:01:35"}
{"level":"info","message":"POST /api/v1/auth/login","timestamp":"2026-05-03 15:01:41"}
{"level":"info","message":"POST /api/v1/auth/login","timestamp":"2026-05-03 15:01:49"}
{"level":"info","message":"POST /api/v1/auth/refresh","timestamp":"2026-05-03 15:03:29"}
{"body":{},"level":"error","message":"Invalid refresh token","method":"POST","params":{},"path":"/api/v1/auth/refresh","query":{},"stack":"Error: Invalid refresh token\n    at Module.refresh (file:///home/billah/Projects/interview/fredoCloud/teamhub/apps/api/src/services/auth.service.js:56:53)\n    at process.processTicksAndRejections (node:internal/process/task_queues:103:5)\n    at async file:///home/billah/Projects/interview/fredoCloud/teamhub/apps/api/src/controllers/auth.controller.js:60:29","timestamp":"2026-05-03 15:03:30"}
{"level":"info","message":"POST /api/v1/auth/refresh","timestamp":"2026-05-03 15:03:31"}
{"body":{},"level":"error","message":"Invalid refresh token","method":"POST","params":{},"path":"/api/v1/auth/refresh","query":{},"stack":"Error: Invalid refresh token\n    at Module.refresh (file:///home/billah/Projects/interview/fredoCloud/teamhub/apps/api/src/services/auth.service.js:56:53)\n    at process.processTicksAndRejections (node:internal/process/task_queues:103:5)\n    at async file:///home/billah/Projects/interview/fredoCloud/teamhub/apps/api/src/controllers/auth.controller.js:60:29","timestamp":"2026-05-03 15:03:31"}
{"level":"info","message":"POST /api/v1/auth/refresh","timestamp":"2026-05-03 15:03:32"}
{"body":{},"level":"error","message":"Invalid refresh token","method":"POST","params":{},"path":"/api/v1/auth/refresh","query":{},"stack":"Error: Invalid refresh token\n    at Module.refresh (file:///home/billah/Projects/interview/fredoCloud/teamhub/apps/api/src/services/auth.service.js:56:53)\n    at process.processTicksAndRejections (node:internal/process/task_queues:103:5)\n    at async file:///home/billah/Projects/interview/fredoCloud/teamhub/apps/api/src/controllers/auth.controller.js:60:29","timestamp":"2026-05-03 15:03:32"}
{"level":"info","message":"POST /api/v1/auth/refresh","timestamp":"2026-05-03 15:03:34"}
{"body":{},"level":"error","message":"Invalid refresh token","method":"POST","params":{},"path":"/api/v1/auth/refresh","query":{},"stack":"Error: Invalid refresh token\n    at Module.refresh (file:///home/billah/Projects/interview/fredoCloud/teamhub/apps/api/src/services/auth.service.js:56:53)\n    at process.processTicksAndRejections (node:internal/process/task_queues:103:5)\n    at async file:///home/billah/Projects/interview/fredoCloud/teamhub/apps/api/src/controllers/auth.controller.js:60:29","timestamp":"2026-05-03 15:03:34"}
{"level":"info","message":"POST /api/v1/auth/refresh","timestamp":"2026-05-03 15:03:35"}
{"body":{},"level":"error","message":"Invalid refresh token","method":"POST","params":{},"path":"/api/v1/auth/refresh","query":{},"stack":"Error: Invalid refresh token\n    at Module.refresh (file:///home/billah/Projects/interview/fredoCloud/teamhub/apps/api/src/services/auth.service.js:56:53)\n    at process.processTicksAndRejections (node:internal/process/task_queues:103:5)\n    at async file:///home/billah/Projects/interview/fredoCloud/teamhub/apps/api/src/controllers/auth.controller.js:60:29","timestamp":"2026-05-03 15:03:35"}
{"level":"info","message":"POST /api/v1/auth/refresh","timestamp":"2026-05-03 15:03:36"}
{"body":{},"level":"error","message":"Invalid refresh token","method":"POST","params":{},"path":"/api/v1/auth/refresh","query":{},"stack":"Error: Invalid refresh token\n    at Module.refresh (file:///home/billah/Projects/interview/fredoCloud/teamhub/apps/api/src/services/auth.service.js:56:53)\n    at process.processTicksAndRejections (node:internal/process/task_queues:103:5)\n    at async file:///home/billah/Projects/interview/fredoCloud/teamhub/apps/api/src/controllers/auth.controller.js:60:29","timestamp":"2026-05-03 15:03:36"}
{"level":"info","message":"POST /api/v1/auth/refresh","timestamp":"2026-05-03 15:03:38"}
{"body":{},"level":"error","message":"Invalid refresh token","method":"POST","params":{},"path":"/api/v1/auth/refresh","query":{},"stack":"Error: Invalid refresh token\n    at Module.refresh (file:///home/billah/Projects/interview/fredoCloud/teamhub/apps/api/src/services/auth.service.js:56:53)\n    at process.processTicksAndRejections (node:internal/process/task_queues:103:5)\n    at async file:///home/billah/Projects/interview/fredoCloud/teamhub/apps/api/src/controllers/auth.controller.js:60:29","timestamp":"2026-05-03 15:03:38"}
{"level":"info","message":"POST /api/v1/auth/refresh","timestamp":"2026-05-03 15:03:40"}
{"body":{},"level":"error","message":"Invalid refresh token","method":"POST","params":{},"path":"/api/v1/auth/refresh","query":{},"stack":"Error: Invalid refresh token\n    at Module.refresh (file:///home/billah/Projects/interview/fredoCloud/teamhub/apps/api/src/services/auth.service.js:56:53)\n    at process.processTicksAndRejections (node:internal/process/task_queues:103:5)\n    at async file:///home/billah/Projects/interview/fredoCloud/teamhub/apps/api/src/controllers/auth.controller.js:60:29","timestamp":"2026-05-03 15:03:40"}
{"level":"info","message":"POST /api/v1/auth/refresh","timestamp":"2026-05-03 15:03:42"}
{"body":{},"level":"error","message":"Invalid refresh token","method":"POST","params":{},"path":"/api/v1/auth/refresh","query":{},"stack":"Error: Invalid refresh token\n    at Module.refresh (file:///home/billah/Projects/interview/fredoCloud/teamhub/apps/api/src/services/auth.service.js:56:53)\n    at process.processTicksAndRejections (node:internal/process/task_queues:103:5)\n    at async file:///home/billah/Projects/interview/fredoCloud/teamhub/apps/api/src/controllers/auth.controller.js:60:29","timestamp":"2026-05-03 15:03:42"}
{"level":"info","message":"POST /api/v1/auth/refresh","timestamp":"2026-05-03 15:03:43"}
{"body":{},"level":"error","message":"Invalid refresh token","method":"POST","params":{},"path":"/api/v1/auth/refresh","query":{},"stack":"Error: Invalid refresh token\n    at Module.refresh (file:///home/billah/Projects/interview/fredoCloud/teamhub/apps/api/src/services/auth.service.js:56:53)\n    at process.processTicksAndRejections (node:internal/process/task_queues:103:5)\n    at async file:///home/billah/Projects/interview/fredoCloud/teamhub/apps/api/src/controllers/auth.controller.js:60:29","timestamp":"2026-05-03 15:03:43"}
{"level":"info","message":"POST /api/v1/auth/refresh","timestamp":"2026-05-03 15:03:45"}
{"body":{},"level":"error","message":"Invalid refresh token","method":"POST","params":{},"path":"/api/v1/auth/refresh","query":{},"stack":"Error: Invalid refresh token\n    at Module.refresh (file:///home/billah/Projects/interview/fredoCloud/teamhub/apps/api/src/services/auth.service.js:56:53)\n    at process.processTicksAndRejections (node:internal/process/task_queues:103:5)\n    at async file:///home/billah/Projects/interview/fredoCloud/teamhub/apps/api/src/controllers/auth.controller.js:60:29","timestamp":"2026-05-03 15:03:45"}
{"level":"info","message":"POST /api/v1/auth/refresh","timestamp":"2026-05-03 15:03:47"}
{"body":{},"level":"error","message":"Invalid refresh token","method":"POST","params":{},"path":"/api/v1/auth/refresh","query":{},"stack":"Error: Invalid refresh token\n    at Module.refresh (file:///home/billah/Projects/interview/fredoCloud/teamhub/apps/api/src/services/auth.service.js:56:53)\n    at process.processTicksAndRejections (node:internal/process/task_queues:103:5)\n    at async file:///home/billah/Projects/interview/fredoCloud/teamhub/apps/api/src/controllers/auth.controller.js:60:29","timestamp":"2026-05-03 15:03:47"}
{"level":"info","message":"POST /api/v1/auth/refresh","timestamp":"2026-05-03 15:03:48"}
{"body":{},"level":"error","message":"Invalid refresh token","method":"POST","params":{},"path":"/api/v1/auth/refresh","query":{},"stack":"Error: Invalid refresh token\n    at Module.refresh (file:///home/billah/Projects/interview/fredoCloud/teamhub/apps/api/src/services/auth.service.js:56:53)\n    at process.processTicksAndRejections (node:internal/process/task_queues:103:5)\n    at async file:///home/billah/Projects/interview/fredoCloud/teamhub/apps/api/src/controllers/auth.controller.js:60:29","timestamp":"2026-05-03 15:03:48"}
{"level":"info","message":"POST /api/v1/auth/refresh","timestamp":"2026-05-03 15:03:51"}
{"body":{},"level":"error","message":"Invalid refresh token","method":"POST","params":{},"path":"/api/v1/auth/refresh","query":{},"stack":"Error: Invalid refresh token\n    at Module.refresh (file:///home/billah/Projects/interview/fredoCloud/teamhub/apps/api/src/services/auth.service.js:56:53)\n    at process.processTicksAndRejections (node:internal/process/task_queues:103:5)\n    at async file:///home/billah/Projects/interview/fredoCloud/teamhub/apps/api/src/controllers/auth.controller.js:60:29","timestamp":"2026-05-03 15:03:51"}
{"level":"info","message":"POST /api/v1/auth/refresh","timestamp":"2026-05-03 15:03:54"}
{"body":{},"level":"error","message":"Invalid refresh token","method":"POST","params":{},"path":"/api/v1/auth/refresh","query":{},"stack":"Error: Invalid refresh token\n    at Module.refresh (file:///home/billah/Projects/interview/fredoCloud/teamhub/apps/api/src/services/auth.service.js:56:53)\n    at process.processTicksAndRejections (node:internal/process/task_queues:103:5)\n    at async file:///home/billah/Projects/interview/fredoCloud/teamhub/apps/api/src/controllers/auth.controller.js:60:29","timestamp":"2026-05-03 15:03:54"}
{"level":"info","message":"POST /api/v1/auth/refresh","timestamp":"2026-05-03 15:04:01"}
{"body":{},"level":"error","message":"Invalid refresh token","method":"POST","params":{},"path":"/api/v1/auth/refresh","query":{},"stack":"Error: Invalid refresh token\n    at Module.refresh (file:///home/billah/Projects/interview/fredoCloud/teamhub/apps/api/src/services/auth.service.js:56:53)\n    at process.processTicksAndRejections (node:internal/process/task_queues:103:5)\n    at async file:///home/billah/Projects/interview/fredoCloud/teamhub/apps/api/src/controllers/auth.controller.js:60:29","timestamp":"2026-05-03 15:04:01"}
{"level":"info","message":"POST /api/v1/auth/refresh","timestamp":"2026-05-03 15:04:05"}
{"body":{},"level":"error","message":"Invalid refresh token","method":"POST","params":{},"path":"/api/v1/auth/refresh","query":{},"stack":"Error: Invalid refresh token\n    at Module.refresh (file:///home/billah/Projects/interview/fredoCloud/teamhub/apps/api/src/services/auth.service.js:56:53)\n    at process.processTicksAndRejections (node:internal/process/task_queues:103:5)\n    at async file:///home/billah/Projects/interview/fredoCloud/teamhub/apps/api/src/controllers/auth.controller.js:60:29","timestamp":"2026-05-03 15:04:05"}
{"level":"info","message":"POST /api/v1/auth/refresh","timestamp":"2026-05-03 15:04:11"}
{"body":{},"level":"error","message":"Invalid refresh token","method":"POST","params":{},"path":"/api/v1/auth/refresh","query":{},"stack":"Error: Invalid refresh token\n    at Module.refresh (file:///home/billah/Projects/interview/fredoCloud/teamhub/apps/api/src/services/auth.service.js:56:53)\n    at process.processTicksAndRejections (node:internal/process/task_queues:103:5)\n    at async file:///home/billah/Projects/interview/fredoCloud/teamhub/apps/api/src/controllers/auth.controller.js:60:29","timestamp":"2026-05-03 15:04:11"}
{"level":"info","message":"POST /api/v1/auth/refresh","timestamp":"2026-05-03 15:04:24"}
{"body":{},"level":"error","message":"Invalid refresh token","method":"POST","params":{},"path":"/api/v1/auth/refresh","query":{},"stack":"Error: Invalid refresh token\n    at Module.refresh (file:///home/billah/Projects/interview/fredoCloud/teamhub/apps/api/src/services/auth.service.js:56:53)\n    at process.processTicksAndRejections (node:internal/process/task_queues:103:5)\n    at async file:///home/billah/Projects/interview/fredoCloud/teamhub/apps/api/src/controllers/auth.controller.js:60:29","timestamp":"2026-05-03 15:04:25"}
{"level":"info","message":"POST /api/v1/auth/refresh","timestamp":"2026-05-03 15:04:38"}
{"body":{},"level":"error","message":"Invalid refresh token","method":"POST","params":{},"path":"/api/v1/auth/refresh","query":{},"stack":"Error: Invalid refresh token\n    at Module.refresh (file:///home/billah/Projects/interview/fredoCloud/teamhub/apps/api/src/services/auth.service.js:56:53)\n    at process.processTicksAndRejections (node:internal/process/task_queues:103:5)\n    at async file:///home/billah/Projects/interview/fredoCloud/teamhub/apps/api/src/controllers/auth.controller.js:60:29","timestamp":"2026-05-03 15:04:38"}
{"level":"info","message":"POST /api/v1/auth/refresh","timestamp":"2026-05-03 15:04:51"}
{"body":{},"level":"error","message":"Invalid refresh token","method":"POST","params":{},"path":"/api/v1/auth/refresh","query":{},"stack":"Error: Invalid refresh token\n    at Module.refresh (file:///home/billah/Projects/interview/fredoCloud/teamhub/apps/api/src/services/auth.service.js:56:53)\n    at process.processTicksAndRejections (node:internal/process/task_queues:103:5)\n    at async file:///home/billah/Projects/interview/fredoCloud/teamhub/apps/api/src/controllers/auth.controller.js:60:29","timestamp":"2026-05-03 15:04:51"}
{"level":"info","message":"POST /api/v1/auth/refresh","timestamp":"2026-05-03 15:05:04"}
{"body":{},"level":"error","message":"Invalid refresh token","method":"POST","params":{},"path":"/api/v1/auth/refresh","query":{},"stack":"Error: Invalid refresh token\n    at Module.refresh (file:///home/billah/Projects/interview/fredoCloud/teamhub/apps/api/src/services/auth.service.js:56:53)\n    at process.processTicksAndRejections (node:internal/process/task_queues:103:5)\n    at async file:///home/billah/Projects/interview/fredoCloud/teamhub/apps/api/src/controllers/auth.controller.js:60:29","timestamp":"2026-05-03 15:05:04"}
{"level":"info","message":"POST /api/v1/auth/refresh","timestamp":"2026-05-03 15:05:17"}
{"body":{},"level":"error","message":"Invalid refresh token","method":"POST","params":{},"path":"/api/v1/auth/refresh","query":{},"stack":"Error: Invalid refresh token\n    at Module.refresh (file:///home/billah/Projects/interview/fredoCloud/teamhub/apps/api/src/services/auth.service.js:56:53)\n    at process.processTicksAndRejections (node:internal/process/task_queues:103:5)\n    at async file:///home/billah/Projects/interview/fredoCloud/teamhub/apps/api/src/controllers/auth.controller.js:60:29","timestamp":"2026-05-03 15:05:17"}
{"level":"info","message":"POST /api/v1/auth/refresh","timestamp":"2026-05-03 15:05:30"}
{"body":{},"level":"error","message":"Invalid refresh token","method":"POST","params":{},"path":"/api/v1/auth/refresh","query":{},"stack":"Error: Invalid refresh token\n    at Module.refresh (file:///home/billah/Projects/interview/fredoCloud/teamhub/apps/api/src/services/auth.service.js:56:53)\n    at process.processTicksAndRejections (node:internal/process/task_queues:103:5)\n    at async file:///home/billah/Projects/interview/fredoCloud/teamhub/apps/api/src/controllers/auth.controller.js:60:29","timestamp":"2026-05-03 15:05:30"}
{"level":"info","message":"POST /api/v1/auth/refresh","timestamp":"2026-05-03 15:05:43"}
{"body":{},"level":"error","message":"Invalid refresh token","method":"POST","params":{},"path":"/api/v1/auth/refresh","query":{},"stack":"Error: Invalid refresh token\n    at Module.refresh (file:///home/billah/Projects/interview/fredoCloud/teamhub/apps/api/src/services/auth.service.js:56:53)\n    at process.processTicksAndRejections (node:internal/process/task_queues:103:5)\n    at async file:///home/billah/Projects/interview/fredoCloud/teamhub/apps/api/src/controllers/auth.controller.js:60:29","timestamp":"2026-05-03 15:05:43"}
{"level":"info","message":"POST /api/v1/auth/refresh","timestamp":"2026-05-03 15:05:56"}
{"body":{},"level":"error","message":"Invalid refresh token","method":"POST","params":{},"path":"/api/v1/auth/refresh","query":{},"stack":"Error: Invalid refresh token\n    at Module.refresh (file:///home/billah/Projects/interview/fredoCloud/teamhub/apps/api/src/services/auth.service.js:56:53)\n    at process.processTicksAndRejections (node:internal/process/task_queues:103:5)\n    at async file:///home/billah/Projects/interview/fredoCloud/teamhub/apps/api/src/controllers/auth.controller.js:60:29","timestamp":"2026-05-03 15:05:56"}
{"level":"info","message":"POST /api/v1/auth/refresh","timestamp":"2026-05-03 15:06:09"}
{"body":{},"level":"error","message":"Invalid refresh token","method":"POST","params":{},"path":"/api/v1/auth/refresh","query":{},"stack":"Error: Invalid refresh token\n    at Module.refresh (file:///home/billah/Projects/interview/fredoCloud/teamhub/apps/api/src/services/auth.service.js:56:53)\n    at process.processTicksAndRejections (node:internal/process/task_queues:103:5)\n    at async file:///home/billah/Projects/interview/fredoCloud/teamhub/apps/api/src/controllers/auth.controller.js:60:29","timestamp":"2026-05-03 15:06:09"}
{"level":"info","message":"POST /api/v1/auth/refresh","timestamp":"2026-05-03 15:06:37"}
{"body":{},"level":"error","message":"Invalid refresh token","method":"POST","params":{},"path":"/api/v1/auth/refresh","query":{},"stack":"Error: Invalid refresh token\n    at Module.refresh (file:///home/billah/Projects/interview/fredoCloud/teamhub/apps/api/src/services/auth.service.js:56:53)\n    at process.processTicksAndRejections (node:internal/process/task_queues:103:5)\n    at async file:///home/billah/Projects/interview/fredoCloud/teamhub/apps/api/src/controllers/auth.controller.js:60:29","timestamp":"2026-05-03 15:06:37"}
{"level":"info","message":"POST /api/v1/auth/refresh","timestamp":"2026-05-03 15:06:38"}
{"body":{},"level":"error","message":"Invalid refresh token","method":"POST","params":{},"path":"/api/v1/auth/refresh","query":{},"stack":"Error: Invalid refresh token\n    at Module.refresh (file:///home/billah/Projects/interview/fredoCloud/teamhub/apps/api/src/services/auth.service.js:56:53)\n    at process.processTicksAndRejections (node:internal/process/task_queues:103:5)\n    at async file:///home/billah/Projects/interview/fredoCloud/teamhub/apps/api/src/controllers/auth.controller.js:60:29","timestamp":"2026-05-03 15:06:38"}
{"level":"info","message":"POST /api/v1/auth/refresh","timestamp":"2026-05-03 15:06:42"}
{"body":{},"level":"error","message":"Invalid refresh token","method":"POST","params":{},"path":"/api/v1/auth/refresh","query":{},"stack":"Error: Invalid refresh token\n    at Module.refresh (file:///home/billah/Projects/interview/fredoCloud/teamhub/apps/api/src/services/auth.service.js:56:53)\n    at process.processTicksAndRejections (node:internal/process/task_queues:103:5)\n    at async file:///home/billah/Projects/interview/fredoCloud/teamhub/apps/api/src/controllers/auth.controller.js:60:29","timestamp":"2026-05-03 15:06:42"}
{"level":"info","message":"POST /api/v1/auth/refresh","timestamp":"2026-05-03 15:06:43"}
{"body":{},"level":"error","message":"Invalid refresh token","method":"POST","params":{},"path":"/api/v1/auth/refresh","query":{},"stack":"Error: Invalid refresh token\n    at Module.refresh (file:///home/billah/Projects/interview/fredoCloud/teamhub/apps/api/src/services/auth.service.js:56:53)\n    at process.processTicksAndRejections (node:internal/process/task_queues:103:5)\n    at async file:///home/billah/Projects/interview/fredoCloud/teamhub/apps/api/src/controllers/auth.controller.js:60:29","timestamp":"2026-05-03 15:06:43"}
{"level":"info","message":"POST /api/v1/auth/refresh","timestamp":"2026-05-03 15:06:45"}
{"body":{},"level":"error","message":"Invalid refresh token","method":"POST","params":{},"path":"/api/v1/auth/refresh","query":{},"stack":"Error: Invalid refresh token\n    at Module.refresh (file:///home/billah/Projects/interview/fredoCloud/teamhub/apps/api/src/services/auth.service.js:56:53)\n    at process.processTicksAndRejections (node:internal/process/task_queues:103:5)\n    at async file:///home/billah/Projects/interview/fredoCloud/teamhub/apps/api/src/controllers/auth.controller.js:60:29","timestamp":"2026-05-03 15:06:45"}
{"level":"info","message":"POST /api/v1/auth/refresh","timestamp":"2026-05-03 15:06:46"}
{"body":{},"level":"error","message":"Invalid refresh token","method":"POST","params":{},"path":"/api/v1/auth/refresh","query":{},"stack":"Error: Invalid refresh token\n    at Module.refresh (file:///home/billah/Projects/interview/fredoCloud/teamhub/apps/api/src/services/auth.service.js:56:53)\n    at process.processTicksAndRejections (node:internal/process/task_queues:103:5)\n    at async file:///home/billah/Projects/interview/fredoCloud/teamhub/apps/api/src/controllers/auth.controller.js:60:29","timestamp":"2026-05-03 15:06:46"}
{"level":"info","message":"POST /api/v1/auth/refresh","timestamp":"2026-05-03 15:06:47"}
{"body":{},"level":"error","message":"Invalid refresh token","method":"POST","params":{},"path":"/api/v1/auth/refresh","query":{},"stack":"Error: Invalid refresh token\n    at Module.refresh (file:///home/billah/Projects/interview/fredoCloud/teamhub/apps/api/src/services/auth.service.js:56:53)\n    at process.processTicksAndRejections (node:internal/process/task_queues:103:5)\n    at async file:///home/billah/Projects/interview/fredoCloud/teamhub/apps/api/src/controllers/auth.controller.js:60:29","timestamp":"2026-05-03 15:06:47"}
{"level":"info","message":"POST /api/v1/auth/refresh","timestamp":"2026-05-03 15:06:49"}
{"body":{},"level":"error","message":"Invalid refresh token","method":"POST","params":{},"path":"/api/v1/auth/refresh","query":{},"stack":"Error: Invalid refresh token\n    at Module.refresh (file:///home/billah/Projects/interview/fredoCloud/teamhub/apps/api/src/services/auth.service.js:56:53)\n    at process.processTicksAndRejections (node:internal/process/task_queues:103:5)\n    at async file:///home/billah/Projects/interview/fredoCloud/teamhub/apps/api/src/controllers/auth.controller.js:60:29","timestamp":"2026-05-03 15:06:49"}
{"level":"info","message":"POST /api/v1/auth/refresh","timestamp":"2026-05-03 15:06:51"}
{"body":{},"level":"error","message":"Invalid refresh token","method":"POST","params":{},"path":"/api/v1/auth/refresh","query":{},"stack":"Error: Invalid refresh token\n    at Module.refresh (file:///home/billah/Projects/interview/fredoCloud/teamhub/apps/api/src/services/auth.service.js:56:53)\n    at process.processTicksAndRejections (node:internal/process/task_queues:103:5)\n    at async file:///home/billah/Projects/interview/fredoCloud/teamhub/apps/api/src/controllers/auth.controller.js:60:29","timestamp":"2026-05-03 15:06:51"}
{"level":"info","message":"POST /api/v1/auth/refresh","timestamp":"2026-05-03 15:06:52"}
{"body":{},"level":"error","message":"Invalid refresh token","method":"POST","params":{},"path":"/api/v1/auth/refresh","query":{},"stack":"Error: Invalid refresh token\n    at Module.refresh (file:///home/billah/Projects/interview/fredoCloud/teamhub/apps/api/src/services/auth.service.js:56:53)\n    at process.processTicksAndRejections (node:internal/process/task_queues:103:5)\n    at async file:///home/billah/Projects/interview/fredoCloud/teamhub/apps/api/src/controllers/auth.controller.js:60:29","timestamp":"2026-05-03 15:06:52"}
{"level":"info","message":"POST /api/v1/auth/refresh","timestamp":"2026-05-03 15:06:54"}
{"body":{},"level":"error","message":"Invalid refresh token","method":"POST","params":{},"path":"/api/v1/auth/refresh","query":{},"stack":"Error: Invalid refresh token\n    at Module.refresh (file:///home/billah/Projects/interview/fredoCloud/teamhub/apps/api/src/services/auth.service.js:56:53)\n    at process.processTicksAndRejections (node:internal/process/task_queues:103:5)\n    at async file:///home/billah/Projects/interview/fredoCloud/teamhub/apps/api/src/controllers/auth.controller.js:60:29","timestamp":"2026-05-03 15:06:54"}
{"level":"info","message":"POST /api/v1/auth/refresh","timestamp":"2026-05-03 15:06:55"}
{"body":{},"level":"error","message":"Invalid refresh token","method":"POST","params":{},"path":"/api/v1/auth/refresh","query":{},"stack":"Error: Invalid refresh token\n    at Module.refresh (file:///home/billah/Projects/interview/fredoCloud/teamhub/apps/api/src/services/auth.service.js:56:53)\n    at process.processTicksAndRejections (node:internal/process/task_queues:103:5)\n    at async file:///home/billah/Projects/interview/fredoCloud/teamhub/apps/api/src/controllers/auth.controller.js:60:29","timestamp":"2026-05-03 15:06:55"}
{"level":"info","message":"POST /api/v1/auth/refresh","timestamp":"2026-05-03 15:06:56"}
{"body":{},"level":"error","message":"Invalid refresh token","method":"POST","params":{},"path":"/api/v1/auth/refresh","query":{},"stack":"Error: Invalid refresh token\n    at Module.refresh (file:///home/billah/Projects/interview/fredoCloud/teamhub/apps/api/src/services/auth.service.js:56:53)\n    at process.processTicksAndRejections (node:internal/process/task_queues:103:5)\n    at async file:///home/billah/Projects/interview/fredoCloud/teamhub/apps/api/src/controllers/auth.controller.js:60:29","timestamp":"2026-05-03 15:06:56"}
{"level":"info","message":"POST /api/v1/auth/refresh","timestamp":"2026-05-03 15:06:57"}
{"body":{},"level":"error","message":"Invalid refresh token","method":"POST","params":{},"path":"/api/v1/auth/refresh","query":{},"stack":"Error: Invalid refresh token\n    at Module.refresh (file:///home/billah/Projects/interview/fredoCloud/teamhub/apps/api/src/services/auth.service.js:56:53)\n    at process.processTicksAndRejections (node:internal/process/task_queues:103:5)\n    at async file:///home/billah/Projects/interview/fredoCloud/teamhub/apps/api/src/controllers/auth.controller.js:60:29","timestamp":"2026-05-03 15:06:57"}
{"level":"info","message":"POST /api/v1/auth/refresh","timestamp":"2026-05-03 15:06:59"}
{"body":{},"level":"error","message":"Invalid refresh token","method":"POST","params":{},"path":"/api/v1/auth/refresh","query":{},"stack":"Error: Invalid refresh token\n    at Module.refresh (file:///home/billah/Projects/interview/fredoCloud/teamhub/apps/api/src/services/auth.service.js:56:53)\n    at process.processTicksAndRejections (node:internal/process/task_queues:103:5)\n    at async file:///home/billah/Projects/interview/fredoCloud/teamhub/apps/api/src/controllers/auth.controller.js:60:29","timestamp":"2026-05-03 15:06:59"}
{"level":"info","message":"POST /api/v1/auth/refresh","timestamp":"2026-05-03 15:07:00"}
{"body":{},"level":"error","message":"Invalid refresh token","method":"POST","params":{},"path":"/api/v1/auth/refresh","query":{},"stack":"Error: Invalid refresh token\n    at Module.refresh (file:///home/billah/Projects/interview/fredoCloud/teamhub/apps/api/src/services/auth.service.js:56:53)\n    at process.processTicksAndRejections (node:internal/process/task_queues:103:5)\n    at async file:///home/billah/Projects/interview/fredoCloud/teamhub/apps/api/src/controllers/auth.controller.js:60:29","timestamp":"2026-05-03 15:07:00"}
{"level":"info","message":"POST /api/v1/auth/refresh","timestamp":"2026-05-03 15:07:03"}
{"body":{},"level":"error","message":"Invalid refresh token","method":"POST","params":{},"path":"/api/v1/auth/refresh","query":{},"stack":"Error: Invalid refresh token\n    at Module.refresh (file:///home/billah/Projects/interview/fredoCloud/teamhub/apps/api/src/services/auth.service.js:56:53)\n    at process.processTicksAndRejections (node:internal/process/task_queues:103:5)\n    at async file:///home/billah/Projects/interview/fredoCloud/teamhub/apps/api/src/controllers/auth.controller.js:60:29","timestamp":"2026-05-03 15:07:03"}
{"level":"info","message":"POST /api/v1/auth/refresh","timestamp":"2026-05-03 15:07:16"}
{"body":{},"level":"error","message":"Invalid refresh token","method":"POST","params":{},"path":"/api/v1/auth/refresh","query":{},"stack":"Error: Invalid refresh token\n    at Module.refresh (file:///home/billah/Projects/interview/fredoCloud/teamhub/apps/api/src/services/auth.service.js:56:53)\n    at process.processTicksAndRejections (node:internal/process/task_queues:103:5)\n    at async file:///home/billah/Projects/interview/fredoCloud/teamhub/apps/api/src/controllers/auth.controller.js:60:29","timestamp":"2026-05-03 15:07:16"}
{"level":"info","message":"POST /api/v1/auth/refresh","timestamp":"2026-05-03 15:07:37"}
{"body":{},"level":"error","message":"Invalid refresh token","method":"POST","params":{},"path":"/api/v1/auth/refresh","query":{},"stack":"Error: Invalid refresh token\n    at Module.refresh (file:///home/billah/Projects/interview/fredoCloud/teamhub/apps/api/src/services/auth.service.js:56:53)\n    at process.processTicksAndRejections (node:internal/process/task_queues:103:5)\n    at async file:///home/billah/Projects/interview/fredoCloud/teamhub/apps/api/src/controllers/auth.controller.js:60:29","timestamp":"2026-05-03 15:07:37"}
{"level":"info","message":"POST /api/v1/auth/refresh","timestamp":"2026-05-03 15:07:50"}
{"body":{},"level":"error","message":"Invalid refresh token","method":"POST","params":{},"path":"/api/v1/auth/refresh","query":{},"stack":"Error: Invalid refresh token\n    at Module.refresh (file:///home/billah/Projects/interview/fredoCloud/teamhub/apps/api/src/services/auth.service.js:56:53)\n    at process.processTicksAndRejections (node:internal/process/task_queues:103:5)\n    at async file:///home/billah/Projects/interview/fredoCloud/teamhub/apps/api/src/controllers/auth.controller.js:60:29","timestamp":"2026-05-03 15:07:50"}
{"level":"info","message":"POST /api/v1/auth/refresh","timestamp":"2026-05-03 15:08:03"}
{"body":{},"level":"error","message":"Invalid refresh token","method":"POST","params":{},"path":"/api/v1/auth/refresh","query":{},"stack":"Error: Invalid refresh token\n    at Module.refresh (file:///home/billah/Projects/interview/fredoCloud/teamhub/apps/api/src/services/auth.service.js:56:53)\n    at process.processTicksAndRejections (node:internal/process/task_queues:103:5)\n    at async file:///home/billah/Projects/interview/fredoCloud/teamhub/apps/api/src/controllers/auth.controller.js:60:29","timestamp":"2026-05-03 15:08:03"}
{"level":"info","message":"POST /api/v1/auth/refresh","timestamp":"2026-05-03 15:08:16"}
{"body":{},"level":"error","message":"Invalid refresh token","method":"POST","params":{},"path":"/api/v1/auth/refresh","query":{},"stack":"Error: Invalid refresh token\n    at Module.refresh (file:///home/billah/Projects/interview/fredoCloud/teamhub/apps/api/src/services/auth.service.js:56:53)\n    at process.processTicksAndRejections (node:internal/process/task_queues:103:5)\n    at async file:///home/billah/Projects/interview/fredoCloud/teamhub/apps/api/src/controllers/auth.controller.js:60:29","timestamp":"2026-05-03 15:08:16"}
{"level":"info","message":"POST /api/v1/auth/refresh","timestamp":"2026-05-03 15:08:29"}
{"body":{},"level":"error","message":"Invalid refresh token","method":"POST","params":{},"path":"/api/v1/auth/refresh","query":{},"stack":"Error: Invalid refresh token\n    at Module.refresh (file:///home/billah/Projects/interview/fredoCloud/teamhub/apps/api/src/services/auth.service.js:56:53)\n    at process.processTicksAndRejections (node:internal/process/task_queues:103:5)\n    at async file:///home/billah/Projects/interview/fredoCloud/teamhub/apps/api/src/controllers/auth.controller.js:60:29","timestamp":"2026-05-03 15:08:29"}
{"level":"info","message":"POST /api/v1/auth/refresh","timestamp":"2026-05-03 15:08:42"}
{"body":{},"level":"error","message":"Invalid refresh token","method":"POST","params":{},"path":"/api/v1/auth/refresh","query":{},"stack":"Error: Invalid refresh token\n    at Module.refresh (file:///home/billah/Projects/interview/fredoCloud/teamhub/apps/api/src/services/auth.service.js:56:53)\n    at process.processTicksAndRejections (node:internal/process/task_queues:103:5)\n    at async file:///home/billah/Projects/interview/fredoCloud/teamhub/apps/api/src/controllers/auth.controller.js:60:29","timestamp":"2026-05-03 15:08:42"}
{"level":"info","message":"POST /api/v1/auth/refresh","timestamp":"2026-05-03 15:08:55"}
{"body":{},"level":"error","message":"Invalid refresh token","method":"POST","params":{},"path":"/api/v1/auth/refresh","query":{},"stack":"Error: Invalid refresh token\n    at Module.refresh (file:///home/billah/Projects/interview/fredoCloud/teamhub/apps/api/src/services/auth.service.js:56:53)\n    at process.processTicksAndRejections (node:internal/process/task_queues:103:5)\n    at async file:///home/billah/Projects/interview/fredoCloud/teamhub/apps/api/src/controllers/auth.controller.js:60:29","timestamp":"2026-05-03 15:08:55"}
{"level":"info","message":"GET /api/v1/auth/profile","timestamp":"2026-05-03 15:09:07"}
{"level":"info","message":"POST /api/v1/auth/refresh","timestamp":"2026-05-03 15:09:09"}
{"level":"error","message":"Invalid refresh token","method":"POST","params":{},"path":"/api/v1/auth/refresh","query":{},"stack":"Error: Invalid refresh token\n    at Module.refresh (file:///home/billah/Projects/interview/fredoCloud/teamhub/apps/api/src/services/auth.service.js:56:53)\n    at process.processTicksAndRejections (node:internal/process/task_queues:103:5)\n    at async file:///home/billah/Projects/interview/fredoCloud/teamhub/apps/api/src/controllers/auth.controller.js:60:29","timestamp":"2026-05-03 15:09:09"}
{"level":"info","message":"GET /api/v1/auth/profile","timestamp":"2026-05-03 15:09:20"}
{"level":"info","message":"POST /api/v1/auth/refresh","timestamp":"2026-05-03 15:09:22"}
{"level":"error","message":"Invalid refresh token","method":"POST","params":{},"path":"/api/v1/auth/refresh","query":{},"stack":"Error: Invalid refresh token\n    at Module.refresh (file:///home/billah/Projects/interview/fredoCloud/teamhub/apps/api/src/services/auth.service.js:56:53)\n    at process.processTicksAndRejections (node:internal/process/task_queues:103:5)\n    at async file:///home/billah/Projects/interview/fredoCloud/teamhub/apps/api/src/controllers/auth.controller.js:60:29","timestamp":"2026-05-03 15:09:22"}
{"level":"info","message":"GET /api/v1/auth/profile","timestamp":"2026-05-03 15:09:34"}
{"level":"info","message":"POST /api/v1/auth/refresh","timestamp":"2026-05-03 15:09:36"}
{"level":"error","message":"Invalid refresh token","method":"POST","params":{},"path":"/api/v1/auth/refresh","query":{},"stack":"Error: Invalid refresh token\n    at Module.refresh (file:///home/billah/Projects/interview/fredoCloud/teamhub/apps/api/src/services/auth.service.js:56:53)\n    at process.processTicksAndRejections (node:internal/process/task_queues:103:5)\n    at async file:///home/billah/Projects/interview/fredoCloud/teamhub/apps/api/src/controllers/auth.controller.js:60:29","timestamp":"2026-05-03 15:09:36"}
{"level":"info","message":"GET /api/v1/auth/profile","timestamp":"2026-05-03 15:09:47"}
{"level":"info","message":"POST /api/v1/auth/refresh","timestamp":"2026-05-03 15:09:49"}
{"level":"error","message":"Invalid refresh token","method":"POST","params":{},"path":"/api/v1/auth/refresh","query":{},"stack":"Error: Invalid refresh token\n    at Module.refresh (file:///home/billah/Projects/interview/fredoCloud/teamhub/apps/api/src/services/auth.service.js:56:53)\n    at process.processTicksAndRejections (node:internal/process/task_queues:103:5)\n    at async file:///home/billah/Projects/interview/fredoCloud/teamhub/apps/api/src/controllers/auth.controller.js:60:29","timestamp":"2026-05-03 15:09:49"}
{"level":"info","message":"GET /api/v1/auth/profile","timestamp":"2026-05-03 15:10:05"}
{"level":"info","message":"POST /api/v1/auth/refresh","timestamp":"2026-05-03 15:10:07"}
{"level":"error","message":"Invalid refresh token","method":"POST","params":{},"path":"/api/v1/auth/refresh","query":{},"stack":"Error: Invalid refresh token\n    at Module.refresh (file:///home/billah/Projects/interview/fredoCloud/teamhub/apps/api/src/services/auth.service.js:56:53)\n    at process.processTicksAndRejections (node:internal/process/task_queues:103:5)\n    at async file:///home/billah/Projects/interview/fredoCloud/teamhub/apps/api/src/controllers/auth.controller.js:60:29","timestamp":"2026-05-03 15:10:07"}
{"level":"info","message":"GET /api/v1/auth/profile","timestamp":"2026-05-03 15:10:24"}
{"level":"info","message":"POST /api/v1/auth/refresh","timestamp":"2026-05-03 15:10:26"}
{"level":"error","message":"Invalid refresh token","method":"POST","params":{},"path":"/api/v1/auth/refresh","query":{},"stack":"Error: Invalid refresh token\n    at Module.refresh (file:///home/billah/Projects/interview/fredoCloud/teamhub/apps/api/src/services/auth.service.js:56:53)\n    at process.processTicksAndRejections (node:internal/process/task_queues:103:5)\n    at async file:///home/billah/Projects/interview/fredoCloud/teamhub/apps/api/src/controllers/auth.controller.js:60:29","timestamp":"2026-05-03 15:10:26"}
{"level":"info","message":"GET /api/v1/auth/profile","timestamp":"2026-05-03 15:10:42"}
{"level":"info","message":"POST /api/v1/auth/refresh","timestamp":"2026-05-03 15:10:44"}
{"level":"error","message":"Invalid refresh token","method":"POST","params":{},"path":"/api/v1/auth/refresh","query":{},"stack":"Error: Invalid refresh token\n    at Module.refresh (file:///home/billah/Projects/interview/fredoCloud/teamhub/apps/api/src/services/auth.service.js:56:53)\n    at process.processTicksAndRejections (node:internal/process/task_queues:103:5)\n    at async file:///home/billah/Projects/interview/fredoCloud/teamhub/apps/api/src/controllers/auth.controller.js:60:29","timestamp":"2026-05-03 15:10:44"}
{"level":"info","message":"GET /api/v1/auth/profile","timestamp":"2026-05-03 15:11:01"}
{"level":"info","message":"POST /api/v1/auth/refresh","timestamp":"2026-05-03 15:11:03"}
{"level":"error","message":"Invalid refresh token","method":"POST","params":{},"path":"/api/v1/auth/refresh","query":{},"stack":"Error: Invalid refresh token\n    at Module.refresh (file:///home/billah/Projects/interview/fredoCloud/teamhub/apps/api/src/services/auth.service.js:56:53)\n    at process.processTicksAndRejections (node:internal/process/task_queues:103:5)\n    at async file:///home/billah/Projects/interview/fredoCloud/teamhub/apps/api/src/controllers/auth.controller.js:60:29","timestamp":"2026-05-03 15:11:03"}
{"level":"info","message":"GET /api/v1/auth/profile","timestamp":"2026-05-03 15:11:17"}
{"level":"info","message":"GET /api/v1/auth/profile","timestamp":"2026-05-03 15:11:27"}
{"level":"info","message":"POST /api/v1/auth/refresh","timestamp":"2026-05-03 15:11:29"}
{"level":"error","message":"Invalid refresh token","method":"POST","params":{},"path":"/api/v1/auth/refresh","query":{},"stack":"Error: Invalid refresh token\n    at Module.refresh (file:///home/billah/Projects/interview/fredoCloud/teamhub/apps/api/src/services/auth.service.js:56:53)\n    at process.processTicksAndRejections (node:internal/process/task_queues:103:5)\n    at async file:///home/billah/Projects/interview/fredoCloud/teamhub/apps/api/src/controllers/auth.controller.js:60:29","timestamp":"2026-05-03 15:11:29"}
{"level":"info","message":"GET /api/v1/auth/profile","timestamp":"2026-05-03 15:11:40"}
{"level":"info","message":"POST /api/v1/auth/refresh","timestamp":"2026-05-03 15:11:42"}
{"level":"info","message":"GET /api/v1/auth/profile","timestamp":"2026-05-03 15:11:53"}
{"level":"info","message":"POST /api/v1/auth/refresh","timestamp":"2026-05-03 15:11:55"}
{"level":"info","message":"GET /api/v1/auth/profile","timestamp":"2026-05-03 15:12:12"}
{"level":"info","message":"POST /api/v1/auth/refresh","timestamp":"2026-05-03 15:12:14"}
{"level":"info","message":"POST /api/v1/auth/login","timestamp":"2026-05-03 15:12:23"}
{"level":"info","message":"POST /api/v1/auth/logout","timestamp":"2026-05-03 15:12:37"}
{"level":"info","message":"GET /api/v1/auth/profile","timestamp":"2026-05-03 15:13:01"}
{"level":"info","message":"GET /api/v1/auth/profile","timestamp":"2026-05-03 15:13:09"}
{"level":"info","message":"POST /api/v1/auth/refresh","timestamp":"2026-05-03 15:13:11"}
{"level":"info","message":"POST /api/v1/auth/login","timestamp":"2026-05-03 15:13:22"}
{"level":"info","message":"POST /api/v1/auth/logout","timestamp":"2026-05-03 15:13:39"}
{"level":"info","message":"POST /api/v1/auth/login","timestamp":"2026-05-03 15:13:45"}
{"level":"info","message":"POST /api/v1/auth/logout","timestamp":"2026-05-03 15:13:53"}
{"level":"info","message":"POST /api/v1/auth/login","timestamp":"2026-05-03 15:14:00"}
{"level":"info","message":"GET /api/v1/auth/profile","timestamp":"2026-05-03 15:16:09"}
{"level":"info","message":"GET /api/v1/auth/profile","timestamp":"2026-05-03 15:19:24"}
{"level":"info","message":"GET /api/v1/auth/profile","timestamp":"2026-05-03 15:19:29"}
{"level":"info","message":"GET /api/v1/auth/profile","timestamp":"2026-05-03 15:19:35"}
